# JRE version: Java(TM) SE Runtime Environment (18.0.2.1+1) (build 18.0.2.1+1-1)
# Java VM: Java HotSpot(TM) 64-Bit Server VM (18.0.2.1+1-1, mixed mode, sharing, tiered, compressed oops, compressed class ptrs, g1 gc, windows-amd64)
GC Precious Log:
 CardTable entry size: 512
 Card Set container configuration: InlinePtr #cards 5 size 8 Array Of Cards #cards 12 size 40 Howl #buckets 4 coarsen threshold 1843 Howl Bitmap #cards 512 size 80 coarsen threshold 460 Card regions per heap region 1 cards per card region 2048
 CPUs: 8 total, 8 available
 Memory: 7778M
 Large Page Support: Disabled
 NUMA Support: Disabled
 Compressed Oops: Enabled (32-bit)
 Heap Region Size: 1M
 Heap Min Capacity: 8M
 Heap Initial Capacity: 122M
 Heap Max Capacity: 1946M
 Pre-touch: Disabled
 Parallel Workers: 8
 Concurrent Workers: 2
 Concurrent Refinement Workers: 8
 Periodic GC: Disabled
Heap:
 garbage-first heap   total 567296K, used 278867K [0x0000000086600000, 0x0000000100000000)
  region size 1024K, 1 young (1024K), 1 survivors (1024K)
 Metaspace       used 8066K, committed 8256K, reserved 1114112K
  class space    used 1067K, committed 1152K, reserved 1048576K
GC Heap History (20 events):
Event: 2.186 GC heap after
{Heap after GC invocations=27 (full 0):
 garbage-first heap   total 234496K, used 139239K [0x0000000086600000, 0x0000000100000000)
  region size 1024K, 2 young (2048K), 2 survivors (2048K)
 Metaspace       used 7810K, committed 7936K, reserved 1114112K
  class space    used 1012K, committed 1088K, reserved 1048576K
}
Event: 2.261 GC heap before
{Heap before GC invocations=28 (full 0):
 garbage-first heap   total 239616K, used 148455K [0x0000000086600000, 0x0000000100000000)
  region size 1024K, 8 young (8192K), 2 survivors (2048K)
 Metaspace       used 7836K, committed 8000K, reserved 1114112K
  class space    used 1019K, committed 1088K, reserved 1048576K
}
Event: 2.265 GC heap after
{Heap after GC invocations=29 (full 0):
 garbage-first heap   total 239616K, used 143494K [0x0000000086600000, 0x0000000100000000)
  region size 1024K, 1 young (1024K), 1 survivors (1024K)
 Metaspace       used 7836K, committed 8000K, reserved 1114112K
  class space    used 1019K, committed 1088K, reserved 1048576K
}
Event: 2.287 GC heap before
{Heap before GC invocations=30 (full 0):
 garbage-first heap   total 256000K, used 159878K [0x0000000086600000, 0x0000000100000000)
  region size 1024K, 10 young (10240K), 1 survivors (1024K)
 Metaspace       used 7836K, committed 8000K, reserved 1114112K
  class space    used 1019K, committed 1088K, reserved 1048576K
}
Event: 2.288 GC heap after
{Heap after GC invocations=31 (full 0):
 garbage-first heap   total 256000K, used 151721K [0x0000000086600000, 0x0000000100000000)
  region size 1024K, 1 young (1024K), 1 survivors (1024K)
 Metaspace       used 7836K, committed 8000K, reserved 1114112K
  class space    used 1019K, committed 1088K, reserved 1048576K
}
Event: 2.363 GC heap before
{Heap before GC invocations=32 (full 0):
 garbage-first heap   total 263168K, used 159913K [0x0000000086600000, 0x0000000100000000)
  region size 1024K, 6 young (6144K), 1 survivors (1024K)
 Metaspace       used 7864K, committed 8064K, reserved 1114112K
  class space    used 1023K, committed 1088K, reserved 1048576K
}
Event: 2.364 GC heap after
{Heap after GC invocations=33 (full 0):
 garbage-first heap   total 263168K, used 155759K [0x0000000086600000, 0x0000000100000000)
  region size 1024K, 1 young (1024K), 1 survivors (1024K)
 Metaspace       used 7864K, committed 8064K, reserved 1114112K
  class space    used 1023K, committed 1088K, reserved 1048576K
}
Event: 2.387 GC heap before
{Heap before GC invocations=34 (full 0):
 garbage-first heap   total 276480K, used 172143K [0x0000000086600000, 0x0000000100000000)
  region size 1024K, 10 young (10240K), 1 survivors (1024K)
 Metaspace       used 7864K, committed 8064K, reserved 1114112K
  class space    used 1023K, committed 1088K, reserved 1048576K
}
Event: 2.389 GC heap after
{Heap after GC invocations=35 (full 0):
 garbage-first heap   total 276480K, used 163971K [0x0000000086600000, 0x0000000100000000)
  region size 1024K, 1 young (1024K), 1 survivors (1024K)
 Metaspace       used 7864K, committed 8064K, reserved 1114112K
  class space    used 1023K, committed 1088K, reserved 1048576K
}
Event: 2.465 GC heap before
{Heap before GC invocations=36 (full 0):
 garbage-first heap   total 283648K, used 173187K [0x0000000086600000, 0x0000000100000000)
  region size 1024K, 7 young (7168K), 1 survivors (1024K)
 Metaspace       used 7878K, committed 8064K, reserved 1114112K
  class space    used 1027K, committed 1088K, reserved 1048576K
}
Event: 2.542 GC heap after
{Heap after GC invocations=37 (full 0):
 garbage-first heap   total 567296K, used 168072K [0x0000000086600000, 0x0000000100000000)
  region size 1024K, 1 young (1024K), 1 survivors (1024K)
 Metaspace       used 7878K, committed 8064K, reserved 1114112K
  class space    used 1027K, committed 1088K, reserved 1048576K
}
Event: 3.307 GC heap before
{Heap before GC invocations=37 (full 0):
 garbage-first heap   total 567296K, used 342152K [0x0000000086600000, 0x0000000100000000)
  region size 1024K, 88 young (90112K), 1 survivors (1024K)
 Metaspace       used 8027K, committed 8192K, reserved 1114112K
  class space    used 1059K, committed 1152K, reserved 1048576K
}
Event: 3.309 GC heap after
{Heap after GC invocations=38 (full 0):
 garbage-first heap   total 567296K, used 254229K [0x0000000086600000, 0x0000000100000000)
  region size 1024K, 1 young (1024K), 1 survivors (1024K)
 Metaspace       used 8027K, committed 8192K, reserved 1114112K
  class space    used 1059K, committed 1152K, reserved 1048576K
}
Event: 3.328 GC heap before
{Heap before GC invocations=38 (full 0):
 garbage-first heap   total 567296K, used 271637K [0x0000000086600000, 0x0000000100000000)
  region size 1024K, 11 young (11264K), 1 survivors (1024K)
 Metaspace       used 8027K, committed 8192K, reserved 1114112K
  class space    used 1059K, committed 1152K, reserved 1048576K
}
Event: 3.329 GC heap after
{Heap after GC invocations=39 (full 0):
 garbage-first heap   total 567296K, used 262451K [0x0000000086600000, 0x0000000100000000)
  region size 1024K, 1 young (1024K), 1 survivors (1024K)
 Metaspace       used 8027K, committed 8192K, reserved 1114112K
  class space    used 1059K, committed 1152K, reserved 1048576K
}
Event: 3.406 GC heap before
{Heap before GC invocations=40 (full 0):
 garbage-first heap   total 567296K, used 271667K [0x0000000086600000, 0x0000000100000000)
  region size 1024K, 7 young (7168K), 1 survivors (1024K)
 Metaspace       used 8043K, committed 8192K, reserved 1114112K
  class space    used 1063K, committed 1152K, reserved 1048576K
}
Event: 3.407 GC heap after
{Heap after GC invocations=41 (full 0):
 garbage-first heap   total 567296K, used 266556K [0x0000000086600000, 0x0000000100000000)
  region size 1024K, 1 young (1024K), 1 survivors (1024K)
 Metaspace       used 8043K, committed 8192K, reserved 1114112K
  class space    used 1063K, committed 1152K, reserved 1048576K
}
Event: 3.426 GC heap before
{Heap before GC invocations=42 (full 0):
 garbage-first heap   total 567296K, used 283964K [0x0000000086600000, 0x0000000100000000)
  region size 1024K, 11 young (11264K), 1 survivors (1024K)
 Metaspace       used 8043K, committed 8192K, reserved 1114112K
  class space    used 1063K, committed 1152K, reserved 1048576K
}
Event: 3.427 GC heap after
{Heap after GC invocations=43 (full 0):
 garbage-first heap   total 567296K, used 274795K [0x0000000086600000, 0x0000000100000000)
  region size 1024K, 1 young (1024K), 1 survivors (1024K)
 Metaspace       used 8043K, committed 8192K, reserved 1114112K
  class space    used 1063K, committed 1152K, reserved 1048576K
}
Event: 3.498 GC heap before
{Heap before GC invocations=44 (full 0):
 garbage-first heap   total 567296K, used 284011K [0x0000000086600000, 0x0000000100000000)
  region size 1024K, 7 young (7168K), 1 survivors (1024K)
 Metaspace       used 8066K, committed 8256K, reserved 1114112K
  class space    used 1067K, committed 1152K, reserved 1048576K
}

